2025-03-17 15:23:45,912 - INFO - Starting scraping process
2025-03-17 15:23:45,915 - INFO - Starting sector scraping process
2025-03-17 15:23:46,231 - INFO - Successfully scraped 22 sectors
2025-03-17 15:24:33,668 - ERROR - Database connection error: ('08001', '[08001] [Microsoft][ODBC SQL Server Driver][DBNETLIB]SQL Server does not exist or access denied. (17) (SQLDriverConnect); [08001] [Microsoft][ODBC SQL Server Driver][DBNETLIB]ConnectionOpen (Connect()). (53)')
2025-03-17 15:24:36,080 - INFO - Scraping process completed successfully. Stored 22 sectors.
2025-03-17 15:24:36,081 - INFO - Scraping process completed successfully
2025-03-17 15:25:19,904 - INFO - Database configuration updated
2025-03-17 15:25:32,352 - INFO - Starting scraping process
2025-03-17 15:25:32,354 - INFO - Starting sector scraping process
2025-03-17 15:25:32,670 - INFO - Successfully scraped 22 sectors
2025-03-17 15:26:19,992 - ERROR - Database connection error: ('08001', '[08001] [Microsoft][ODBC SQL Server Driver][DBNETLIB]SQL Server does not exist or access denied. (17) (SQLDriverConnect); [08001] [Microsoft][ODBC SQL Server Driver][DBNETLIB]ConnectionOpen (Connect()). (53)')
2025-03-17 15:26:38,631 - INFO - Scraping process completed successfully. Stored 22 sectors.
2025-03-17 15:26:38,643 - INFO - Scraping process completed successfully
2025-03-17 15:27:33,167 - INFO - Starting scraping process
2025-03-17 15:27:33,169 - INFO - Starting sector scraping process
2025-03-17 15:27:33,442 - INFO - Successfully scraped 22 sectors
2025-03-17 15:27:33,479 - INFO - Connected using {ODBC Driver 17 for SQL Server}
2025-03-17 15:27:33,497 - INFO - Successfully stored data for 22 companies
2025-03-17 15:27:33,499 - INFO - Scraping process completed successfully. Stored 22 sectors.
2025-03-17 15:27:33,500 - INFO - Scraping process completed successfully
