2025-03-17 10:59:56,975 - INFO - Starting scraping process
2025-03-17 10:59:56,977 - INFO - Starting sector scraping process
2025-03-17 10:59:57,234 - INFO - Successfully scraped 22 sectors
2025-03-17 10:59:57,270 - INFO - Connected using {ODBC Driver 17 for SQL Server}
2025-03-17 10:59:57,292 - INFO - Successfully stored data for 22 companies
2025-03-17 10:59:57,294 - INFO - Scraping process completed successfully. Stored 22 sectors.
2025-03-17 10:59:57,295 - INFO - Scraping process completed successfully
2025-03-17 11:00:52,431 - INFO - Starting scraping process
2025-03-17 11:00:52,433 - INFO - Starting sector scraping process
2025-03-17 11:00:52,708 - INFO - Successfully scraped 22 sectors
2025-03-17 11:00:52,711 - INFO - Connected using {ODBC Driver 17 for SQL Server}
2025-03-17 11:00:52,736 - INFO - Successfully stored data for 22 companies
2025-03-17 11:00:52,737 - INFO - Scraping process completed successfully. Stored 22 sectors.
2025-03-17 11:00:52,740 - INFO - Scraping process completed successfully
2025-03-17 11:02:38,952 - INFO - Starting scraping process
2025-03-17 11:02:38,954 - INFO - Starting sector scraping process
2025-03-17 11:02:39,202 - INFO - Successfully scraped 22 sectors
2025-03-17 11:02:39,235 - INFO - Connected using {ODBC Driver 17 for SQL Server}
2025-03-17 11:02:39,257 - INFO - Successfully stored data for 22 companies
2025-03-17 11:02:39,259 - INFO - Scraping process completed successfully. Stored 22 sectors.
2025-03-17 11:02:39,260 - INFO - Scraping process completed successfully
2025-03-17 11:02:40,968 - INFO - Scheduler activated - will run every day at 15:00
2025-03-17 11:02:41,647 - INFO - Starting scraping process
2025-03-17 11:02:41,649 - INFO - Starting sector scraping process
2025-03-17 11:02:41,956 - INFO - Successfully scraped 22 sectors
2025-03-17 11:02:41,958 - INFO - Connected using {ODBC Driver 17 for SQL Server}
2025-03-17 11:02:42,000 - INFO - Successfully stored data for 22 companies
2025-03-17 11:02:42,004 - INFO - Scraping process completed successfully. Stored 22 sectors.
2025-03-17 11:02:42,006 - INFO - Scraping process completed successfully
2025-03-17 11:02:42,167 - INFO - Scheduler stopped
2025-03-17 11:31:05,732 - INFO - Starting scraping process
2025-03-17 11:31:05,734 - INFO - Starting sector scraping process
2025-03-17 11:31:06,010 - INFO - Successfully scraped 22 sectors
2025-03-17 11:31:06,020 - INFO - Connected using {ODBC Driver 17 for SQL Server}
2025-03-17 11:31:06,050 - INFO - Successfully stored data for 22 companies
2025-03-17 11:31:06,051 - INFO - Scraping process completed successfully. Stored 22 sectors.
2025-03-17 11:31:06,053 - INFO - Scraping process completed successfully
2025-03-17 15:27:12,703 - INFO - Starting scraping process
2025-03-17 15:27:12,705 - INFO - Starting sector scraping process
2025-03-17 15:27:13,047 - INFO - Successfully scraped 22 sectors
2025-03-17 15:27:13,084 - INFO - Connected using {ODBC Driver 17 for SQL Server}
2025-03-17 15:27:13,101 - INFO - Successfully stored data for 22 companies
2025-03-17 15:27:13,102 - INFO - Scraping process completed successfully. Stored 22 sectors.
2025-03-17 15:27:13,103 - INFO - Scraping process completed successfully
2025-03-18 10:41:07,528 - INFO - Starting scraping process
2025-03-18 10:41:07,529 - INFO - Starting sector scraping process
2025-03-18 10:41:07,773 - INFO - Successfully scraped 22 sectors
2025-03-18 10:41:07,783 - INFO - Connected using {ODBC Driver 17 for SQL Server}
2025-03-18 10:41:07,800 - INFO - Successfully stored data for 22 companies
2025-03-18 10:41:07,801 - INFO - Scraping process completed successfully. Stored 22 sectors.
2025-03-18 10:41:07,803 - INFO - Scraping process completed successfully
2025-03-18 11:39:14,979 - INFO - Starting scraping process
2025-03-18 11:39:14,981 - INFO - Starting sector scraping process
2025-03-18 11:39:15,236 - INFO - Successfully scraped 22 sectors
2025-03-18 11:39:15,240 - INFO - Connected using {ODBC Driver 17 for SQL Server}
2025-03-18 11:39:15,257 - INFO - Successfully stored data for 22 companies
2025-03-18 11:39:15,259 - INFO - Scraping process completed successfully. Stored 22 sectors.
2025-03-18 11:39:15,260 - INFO - Scraping process completed successfully
2025-03-20 09:31:22,012 - INFO - Scheduler activated - will run every day at 09:38
2025-03-20 09:40:42,739 - INFO - Scheduler activated - will run every day at 09:45
2025-03-20 09:45:00,194 - INFO - Starting scraping process
2025-03-20 09:45:00,194 - INFO - Starting sector scraping process
2025-03-20 09:45:00,293 - INFO - Successfully scraped 22 sectors
2025-03-20 09:45:00,308 - INFO - Connected using {ODBC Driver 17 for SQL Server}
2025-03-20 09:45:00,329 - INFO - Successfully stored data for 22 companies
2025-03-20 09:45:00,331 - INFO - Scraping process completed successfully. Stored 22 sectors.
2025-03-20 09:45:00,331 - INFO - Scraping process completed successfully
