2025-03-12 11:35:47,995 - INFO - Scheduler activated - will run every day at 15:00
2025-03-12 11:35:51,034 - INFO - Scheduler stopped
2025-03-12 11:36:02,738 - INFO - Scheduler activated - will run every day at 15:00
2025-03-12 11:36:06,754 - INFO - Scheduler stopped
2025-03-12 13:10:19,506 - INFO - Scheduler activated - will run every day at 15:00
2025-03-12 13:13:20,196 - INFO - Starting scraping process
2025-03-12 13:13:20,346 - INFO - Connected using {ODBC Driver 17 for SQL Server}
2025-03-12 13:13:20,351 - INFO - Found 656 companies to scrape
2025-03-12 13:16:05,981 - INFO - Connected using {ODBC Driver 17 for SQL Server}
2025-03-12 13:16:06,350 - INFO - Successfully stored data for 656 companies
2025-03-12 13:16:06,351 - INFO - Scraping process completed successfully
2025-03-12 13:17:38,116 - INFO - Starting scraping process
2025-03-12 13:17:38,153 - INFO - Connected using {ODBC Driver 17 for SQL Server}
2025-03-12 13:17:38,156 - INFO - Found 656 companies to scrape
2025-03-12 13:19:20,617 - ERROR - Error scraping data for MITHUNKNIT: HTTPSConnectionPool(host='www.dsebd.org', port=443): Read timed out. (read timeout=10)
2025-03-12 13:20:33,506 - INFO - Connected using {ODBC Driver 17 for SQL Server}
2025-03-12 13:20:33,872 - INFO - Successfully stored data for 655 companies
2025-03-12 13:20:33,874 - INFO - Scraping process completed successfully
2025-03-12 13:20:33,882 - INFO - Scraping completed in Completed in 0:02:55
2025-03-12 13:33:03,241 - INFO - Scheduler activated - will run every day at 13:33
2025-03-12 13:33:16,281 - INFO - Scheduler stopped
2025-03-12 13:33:21,361 - INFO - Scheduler activated - will run every day at 13:34
2025-03-12 13:34:00,381 - INFO - Starting scraping process
2025-03-12 13:34:00,419 - INFO - Connected using {ODBC Driver 17 for SQL Server}
2025-03-12 13:34:00,424 - INFO - Found 656 companies to scrape
2025-03-12 13:35:47,426 - ERROR - Error scraping data for BAYLEASING: HTTPSConnectionPool(host='www.dsebd.org', port=443): Read timed out. (read timeout=10)
2025-03-12 13:36:32,047 - ERROR - Error scraping data for ICBEPMF1S1: HTTPSConnectionPool(host='www.dsebd.org', port=443): Read timed out. (read timeout=10)
2025-03-12 13:36:33,475 - ERROR - Error scraping data for ISLAMIINS: HTTPSConnectionPool(host='www.dsebd.org', port=443): Read timed out. (read timeout=10)
2025-03-12 13:36:40,311 - INFO - Connected using {ODBC Driver 17 for SQL Server}
2025-03-12 13:36:40,707 - INFO - Successfully stored data for 653 companies
2025-03-12 13:36:40,708 - INFO - Scraping process completed successfully
2025-03-12 13:36:40,717 - INFO - Scraping completed in Completed in 0:02:40
2025-03-12 15:05:46,896 - INFO - Starting scraping process
2025-03-12 15:05:47,008 - INFO - Connected using {ODBC Driver 17 for SQL Server}
2025-03-12 15:05:47,014 - INFO - Found 656 companies to scrape
2025-03-12 15:06:03,121 - INFO - Scheduler activated - will run every day at 15:00
2025-03-12 15:09:23,158 - INFO - Starting scraping process
2025-03-12 15:09:23,158 - ERROR - Error in scraping process: 'ScraperApp' object has no attribute 'fetch_company_list'
2025-03-12 15:09:23,162 - INFO - Scraping completed in Completed in 0:00:00
2025-03-12 15:17:37,060 - INFO - Starting scraping process
2025-03-12 15:17:37,060 - ERROR - Error in scraping process: 'ScraperApp' object has no attribute 'fetch_company_list'
2025-03-12 15:17:37,063 - INFO - Scraping completed in Completed in 0:00:00
2025-03-12 15:19:09,411 - INFO - Starting scraping process
2025-03-12 15:19:09,714 - INFO - Successfully scraped 22 sectors
2025-03-12 15:19:09,715 - ERROR - Error in scraping process: ScraperApp.update_progress() missing 1 required positional argument: 'total'
2025-03-12 15:19:09,718 - INFO - Scraping completed in Completed in 0:00:00
2025-03-12 15:20:18,524 - INFO - Starting scraping process
2025-03-12 15:20:18,800 - INFO - Successfully scraped 22 sectors
2025-03-12 15:20:18,840 - INFO - Connected using {ODBC Driver 17 for SQL Server}
2025-03-12 15:20:18,840 - ERROR - Error storing data: list indices must be integers or slices, not str
2025-03-12 15:20:18,842 - INFO - Scraping process completed successfully
2025-03-12 15:20:18,848 - INFO - Scraping completed in Completed in 0:00:00
2025-03-12 15:23:54,643 - INFO - Starting scraping process
2025-03-12 15:23:54,917 - INFO - Successfully scraped 22 sectors
2025-03-12 15:23:54,957 - INFO - Connected using {ODBC Driver 17 for SQL Server}
2025-03-12 15:23:54,959 - ERROR - Error storing data: ('The SQL contains 4 parameter markers, but 22 parameters were supplied', 'HY000')
2025-03-12 15:23:54,962 - INFO - Scraping process completed successfully
2025-03-12 15:23:54,965 - INFO - Scraping completed in Completed in 0:00:00
2025-03-12 15:26:09,859 - INFO - Starting scraping process
2025-03-12 15:26:10,132 - INFO - Successfully scraped 22 sectors
2025-03-12 15:26:10,170 - INFO - Connected using {ODBC Driver 17 for SQL Server}
2025-03-12 15:26:10,172 - ERROR - Error storing data: ('The SQL contains 4 parameter markers, but 22 parameters were supplied', 'HY000')
2025-03-12 15:26:10,174 - INFO - Scraping process completed successfully
2025-03-12 15:26:10,179 - INFO - Scraping completed in Completed in 0:00:00
2025-03-12 15:27:29,498 - INFO - Starting scraping process
2025-03-12 15:27:29,738 - INFO - Successfully scraped 22 sectors
2025-03-12 15:27:29,778 - INFO - Connected using {ODBC Driver 17 for SQL Server}
2025-03-12 15:27:29,779 - ERROR - Error storing data: ('The SQL contains 4 parameter markers, but 22 parameters were supplied', 'HY000')
2025-03-12 15:27:29,782 - INFO - Scraping process completed successfully
2025-03-12 15:27:29,787 - INFO - Scraping completed in Completed in 0:00:00
2025-03-12 15:28:39,130 - INFO - Starting scraping process
2025-03-12 15:28:39,406 - INFO - Successfully scraped 22 sectors
2025-03-12 15:28:39,443 - INFO - Connected using {ODBC Driver 17 for SQL Server}
2025-03-12 15:28:39,447 - ERROR - Error storing data: ('The SQL contains 4 parameter markers, but 22 parameters were supplied', 'HY000')
2025-03-12 15:28:39,448 - INFO - Scraping process completed successfully
2025-03-12 15:28:39,452 - INFO - Scraping completed in Completed in 0:00:00
2025-03-12 15:32:12,386 - INFO - Starting scraping process
2025-03-12 15:32:12,667 - INFO - Successfully scraped 22 sectors
2025-03-12 15:32:12,710 - INFO - Connected using {ODBC Driver 17 for SQL Server}
2025-03-12 15:32:12,714 - ERROR - Error storing data: ('The SQL contains 4 parameter markers, but 22 parameters were supplied', 'HY000')
2025-03-12 15:32:12,716 - INFO - Scraping process completed successfully
2025-03-12 15:32:12,717 - INFO - Scraping completed in Completed in 0:00:00
2025-03-12 15:33:40,490 - INFO - Starting scraping process
2025-03-12 15:33:40,907 - INFO - Successfully scraped 22 sectors
2025-03-12 15:33:40,945 - INFO - Connected using {ODBC Driver 17 for SQL Server}
2025-03-12 15:33:40,945 - ERROR - Error storing data: ('The SQL contains 4 parameter markers, but 22 parameters were supplied', 'HY000')
2025-03-12 15:33:40,947 - INFO - Scraping process completed successfully
2025-03-12 15:33:40,953 - INFO - Scraping completed in Completed in 0:00:00
2025-03-12 15:35:14,665 - INFO - Starting scraping process
2025-03-12 15:35:14,980 - INFO - Successfully scraped 22 sectors
2025-03-12 15:35:15,019 - INFO - Connected using {ODBC Driver 17 for SQL Server}
2025-03-12 15:35:15,020 - ERROR - Error storing data: ('The SQL contains 4 parameter markers, but 22 parameters were supplied', 'HY000')
2025-03-12 15:35:15,021 - INFO - Scraping process completed successfully
2025-03-12 15:35:15,026 - INFO - Scraping completed in Completed in 0:00:00
2025-03-12 15:36:13,242 - INFO - Starting scraping process
2025-03-12 15:36:13,554 - INFO - Successfully scraped 22 sectors
2025-03-12 15:36:13,595 - INFO - Connected using {ODBC Driver 17 for SQL Server}
2025-03-12 15:36:13,598 - ERROR - Error storing data: ('The SQL contains 4 parameter markers, but 22 parameters were supplied', 'HY000')
2025-03-12 15:36:13,600 - INFO - Scraping process completed successfully
2025-03-12 15:36:13,604 - INFO - Scraping completed in Completed in 0:00:00
2025-03-12 15:37:38,650 - INFO - Starting scraping process
2025-03-12 15:37:38,915 - INFO - Successfully scraped 22 sectors
2025-03-12 15:37:38,952 - INFO - Connected using {ODBC Driver 17 for SQL Server}
2025-03-12 15:37:38,953 - ERROR - Error storing data: list indices must be integers or slices, not str
2025-03-12 15:37:38,954 - INFO - Scraping process completed successfully
2025-03-12 15:37:38,962 - INFO - Scraping completed in Completed in 0:00:00
2025-03-12 15:38:36,530 - INFO - Starting scraping process
2025-03-12 15:38:36,794 - INFO - Successfully scraped 22 sectors
2025-03-12 15:38:36,829 - INFO - Connected using {ODBC Driver 17 for SQL Server}
2025-03-12 15:38:36,830 - ERROR - Error storing data: list indices must be integers or slices, not str
2025-03-12 15:38:36,832 - INFO - Scraping process completed successfully
2025-03-12 15:38:36,836 - INFO - Scraping completed in Completed in 0:00:00
2025-03-12 15:39:10,250 - INFO - Starting scraping process
2025-03-12 15:39:10,529 - INFO - Successfully scraped 22 sectors
2025-03-12 15:39:10,567 - INFO - Connected using {ODBC Driver 17 for SQL Server}
2025-03-12 15:39:10,568 - ERROR - Error storing data: list indices must be integers or slices, not str
2025-03-12 15:39:10,571 - INFO - Scraping process completed successfully
2025-03-12 15:39:10,576 - INFO - Scraping completed in Completed in 0:00:00
2025-03-12 15:40:10,001 - INFO - Starting scraping process
2025-03-12 15:40:10,274 - INFO - Successfully scraped 22 sectors
2025-03-12 15:40:10,276 - ERROR - Invalid data format: Expected a list of dictionaries.
2025-03-12 15:40:10,277 - INFO - Scraping process completed successfully
2025-03-12 15:40:10,280 - INFO - Scraping completed in Completed in 0:00:00
2025-03-12 15:41:44,961 - INFO - Starting scraping process
2025-03-12 15:41:45,249 - INFO - Successfully scraped 22 sectors
2025-03-12 15:41:45,254 - ERROR - Invalid data format: Expected a list of dictionaries.
2025-03-12 15:41:45,254 - INFO - Scraping process completed successfully
2025-03-12 15:41:45,258 - INFO - Scraping completed in Completed in 0:00:00
2025-03-12 15:42:54,457 - INFO - Starting scraping process
2025-03-12 15:42:54,782 - INFO - Successfully scraped 22 sectors
2025-03-12 15:42:54,819 - INFO - Connected using {ODBC Driver 17 for SQL Server}
2025-03-12 15:42:54,864 - INFO - Successfully stored data for 22 sectors
2025-03-12 15:42:54,865 - INFO - Scraping process completed successfully
2025-03-12 15:42:54,868 - INFO - Scraping completed in Completed in 0:00:00
2025-03-13 09:55:45,104 - INFO - Database configuration updated
2025-03-13 11:40:37,332 - INFO - Scheduler activated - will run every day at 15:00
2025-03-13 11:40:39,077 - INFO - Scheduler stopped
2025-03-13 11:44:36,674 - INFO - Scheduler activated - will run every day at 15:00
2025-03-13 11:44:37,682 - INFO - Scheduler stopped
2025-03-13 11:53:26,112 - INFO - Scheduler activated - will run every day at 15:00
2025-03-13 11:53:27,344 - INFO - Scheduler stopped
2025-03-13 11:53:28,328 - INFO - Scheduler activated - will run every day at 15:00
2025-03-13 11:53:29,144 - INFO - Scheduler stopped
2025-03-13 11:53:30,496 - INFO - Scheduler activated - will run every day at 15:00
2025-03-13 11:53:31,384 - INFO - Scheduler stopped
2025-03-13 11:58:59,152 - INFO - Scheduler activated - will run every day at 15:00
2025-03-13 11:59:00,207 - INFO - Scheduler stopped
2025-03-13 11:59:02,407 - INFO - Scheduler activated - will run every day at 15:00
2025-03-13 11:59:03,783 - INFO - Scheduler stopped
2025-03-13 12:23:51,901 - INFO - Starting scraping process
2025-03-13 12:23:52,046 - INFO - Connected using {ODBC Driver 17 for SQL Server}
2025-03-13 12:23:52,051 - INFO - Found 656 companies to scrape
2025-03-13 12:23:55,100 - INFO - Scheduler activated - will run every day at 15:00
2025-03-13 12:23:56,106 - INFO - Scheduler stopped
2025-03-13 12:23:57,080 - INFO - Scheduler activated - will run every day at 15:00
2025-03-13 12:24:00,045 - INFO - Scheduler stopped
2025-03-13 12:48:01,113 - INFO - Scheduler activated - will run every day at 15:00
2025-03-13 12:48:03,833 - INFO - Scheduler stopped
2025-03-13 12:48:04,985 - INFO - Scheduler activated - will run every day at 15:00
2025-03-13 12:48:05,737 - INFO - Scheduler stopped
2025-03-13 12:48:07,643 - INFO - Starting scraping process
2025-03-13 12:48:07,741 - INFO - Connected using {ODBC Driver 17 for SQL Server}
2025-03-13 12:48:07,746 - INFO - Found 656 companies to scrape
2025-03-13 12:48:09,479 - INFO - Scheduler activated - will run every day at 15:00
2025-03-13 12:48:13,126 - INFO - Scheduler stopped
2025-03-13 12:50:52,396 - INFO - Connected using {ODBC Driver 17 for SQL Server}
2025-03-13 12:50:52,791 - INFO - Successfully stored data for 656 companies
2025-03-13 12:50:52,792 - INFO - Scraping process completed successfully
2025-03-13 12:50:52,792 - INFO - Scraping completed in Completed in 0:02:45
